# JRE version: OpenJDK Runtime Environment (8.0_212-b04) (build 1.8.0_212-release-1586-b04)
# Java VM: OpenJDK 64-Bit Server VM (25.212-b04 mixed mode windows-amd64 compressed oops)
Heap:
 PSYoungGen      total 144384K, used 76785K [0x00000000d5580000, 0x00000000dfe80000, 0x0000000100000000)
  eden space 124928K, 61% used [0x00000000d5580000,0x00000000da07c578,0x00000000dcf80000)
  from space 19456K, 0% used [0x00000000de400000,0x00000000de400000,0x00000000df700000)
  to   space 20992K, 0% used [0x00000000dcf80000,0x00000000dcf80000,0x00000000de400000)
 ParOldGen       total 294400K, used 31974K [0x0000000080000000, 0x0000000091f80000, 0x00000000d5580000)
  object space 294400K, 10% used [0x0000000080000000,0x0000000081f39a28,0x0000000091f80000)
 Metaspace       used 62177K, capacity 63920K, committed 64168K, reserved 1103872K
  class space    used 8324K, capacity 8766K, committed 8872K, reserved 1048576K
GC Heap History (10 events):
Event: 5.547 GC heap before
{Heap before GC invocations=9 (full 2):
 PSYoungGen      total 101888K, used 88576K [0x00000000d5580000, 0x00000000dcd80000, 0x0000000100000000)
  eden space 88576K, 100% used [0x00000000d5580000,0x00000000dac00000,0x00000000dac00000)
  from space 13312K, 0% used [0x00000000db880000,0x00000000db880000,0x00000000dc580000)
  to   space 12800K, 0% used [0x00000000dac00000,0x00000000dac00000,0x00000000db880000)
 ParOldGen       total 198144K, used 15675K [0x0000000080000000, 0x000000008c180000, 0x00000000d5580000)
  object space 198144K, 7% used [0x0000000080000000,0x0000000080f4ee90,0x000000008c180000)
 Metaspace       used 38241K, capacity 39186K, committed 39336K, reserved 1083392K
  class space    used 5167K, capacity 5453K, committed 5544K, reserved 1048576K
Event: 5.552 GC heap after
Heap after GC invocations=9 (full 2):
 PSYoungGen      total 101376K, used 8429K [0x00000000d5580000, 0x00000000ddb00000, 0x0000000100000000)
  eden space 88576K, 0% used [0x00000000d5580000,0x00000000d5580000,0x00000000dac00000)
  from space 12800K, 65% used [0x00000000dac00000,0x00000000db43b458,0x00000000db880000)
  to   space 12288K, 0% used [0x00000000dcf00000,0x00000000dcf00000,0x00000000ddb00000)
 ParOldGen       total 198144K, used 15683K [0x0000000080000000, 0x000000008c180000, 0x00000000d5580000)
  object space 198144K, 7% used [0x0000000080000000,0x0000000080f50e90,0x000000008c180000)
 Metaspace       used 38241K, capacity 39186K, committed 39336K, reserved 1083392K
  class space    used 5167K, capacity 5453K, committed 5544K, reserved 1048576K
}
Event: 6.631 GC heap before
{Heap before GC invocations=10 (full 2):
 PSYoungGen      total 101376K, used 97005K [0x00000000d5580000, 0x00000000ddb00000, 0x0000000100000000)
  eden space 88576K, 100% used [0x00000000d5580000,0x00000000dac00000,0x00000000dac00000)
  from space 12800K, 65% used [0x00000000dac00000,0x00000000db43b458,0x00000000db880000)
  to   space 12288K, 0% used [0x00000000dcf00000,0x00000000dcf00000,0x00000000ddb00000)
 ParOldGen       total 198144K, used 15683K [0x0000000080000000, 0x000000008c180000, 0x00000000d5580000)
  object space 198144K, 7% used [0x0000000080000000,0x0000000080f50e90,0x000000008c180000)
 Metaspace       used 48044K, capacity 49138K, committed 49448K, reserved 1091584K
  class space    used 6348K, capacity 6664K, committed 6696K, reserved 1048576K
Event: 6.641 GC heap after
Heap after GC invocations=10 (full 2):
 PSYoungGen      total 120832K, used 12256K [0x00000000d5580000, 0x00000000de100000, 0x0000000100000000)
  eden space 108544K, 0% used [0x00000000d5580000,0x00000000d5580000,0x00000000dbf80000)
  from space 12288K, 99% used [0x00000000dcf00000,0x00000000ddaf80e8,0x00000000ddb00000)
  to   space 15872K, 0% used [0x00000000dbf80000,0x00000000dbf80000,0x00000000dcf00000)
 ParOldGen       total 198144K, used 20766K [0x0000000080000000, 0x000000008c180000, 0x00000000d5580000)
  object space 198144K, 10% used [0x0000000080000000,0x0000000081447928,0x000000008c180000)
 Metaspace       used 48044K, capacity 49138K, committed 49448K, reserved 1091584K
  class space    used 6348K, capacity 6664K, committed 6696K, reserved 1048576K
}
Event: 7.681 GC heap before
{Heap before GC invocations=11 (full 2):
 PSYoungGen      total 120832K, used 120800K [0x00000000d5580000, 0x00000000de100000, 0x0000000100000000)
  eden space 108544K, 100% used [0x00000000d5580000,0x00000000dbf80000,0x00000000dbf80000)
  from space 12288K, 99% used [0x00000000dcf00000,0x00000000ddaf80e8,0x00000000ddb00000)
  to   space 15872K, 0% used [0x00000000dbf80000,0x00000000dbf80000,0x00000000dcf00000)
 ParOldGen       total 198144K, used 20766K [0x0000000080000000, 0x000000008c180000, 0x00000000d5580000)
  object space 198144K, 10% used [0x0000000080000000,0x0000000081447928,0x000000008c180000)
 Metaspace       used 55479K, capacity 56908K, committed 57256K, reserved 1099776K
  class space    used 7369K, capacity 7783K, committed 7848K, reserved 1048576K
Event: 7.697 GC heap after
Heap after GC invocations=11 (full 2):
 PSYoungGen      total 124416K, used 15861K [0x00000000d5580000, 0x00000000df700000, 0x0000000100000000)
  eden space 108544K, 0% used [0x00000000d5580000,0x00000000d5580000,0x00000000dbf80000)
  from space 15872K, 99% used [0x00000000dbf80000,0x00000000dcefd6e0,0x00000000dcf00000)
  to   space 19456K, 0% used [0x00000000de400000,0x00000000de400000,0x00000000df700000)
 ParOldGen       total 198144K, used 25025K [0x0000000080000000, 0x000000008c180000, 0x00000000d5580000)
  object space 198144K, 12% used [0x0000000080000000,0x0000000081870750,0x000000008c180000)
 Metaspace       used 55479K, capacity 56908K, committed 57256K, reserved 1099776K
  class space    used 7369K, capacity 7783K, committed 7848K, reserved 1048576K
}
Event: 8.027 GC heap before
{Heap before GC invocations=12 (full 2):
 PSYoungGen      total 124416K, used 34778K [0x00000000d5580000, 0x00000000df700000, 0x0000000100000000)
  eden space 108544K, 17% used [0x00000000d5580000,0x00000000d67f91a0,0x00000000dbf80000)
  from space 15872K, 99% used [0x00000000dbf80000,0x00000000dcefd6e0,0x00000000dcf00000)
  to   space 19456K, 0% used [0x00000000de400000,0x00000000de400000,0x00000000df700000)
 ParOldGen       total 198144K, used 25025K [0x0000000080000000, 0x000000008c180000, 0x00000000d5580000)
  object space 198144K, 12% used [0x0000000080000000,0x0000000081870750,0x000000008c180000)
 Metaspace       used 57474K, capacity 59094K, committed 59160K, reserved 1099776K
  class space    used 7621K, capacity 8046K, committed 8104K, reserved 1048576K
Event: 8.040 GC heap after
Heap after GC invocations=12 (full 2):
 PSYoungGen      total 144384K, used 17608K [0x00000000d5580000, 0x00000000dfe80000, 0x0000000100000000)
  eden space 124928K, 0% used [0x00000000d5580000,0x00000000d5580000,0x00000000dcf80000)
  from space 19456K, 90% used [0x00000000de400000,0x00000000df532268,0x00000000df700000)
  to   space 20992K, 0% used [0x00000000dcf80000,0x00000000dcf80000,0x00000000de400000)
 ParOldGen       total 198144K, used 25097K [0x0000000080000000, 0x000000008c180000, 0x00000000d5580000)
  object space 198144K, 12% used [0x0000000080000000,0x0000000081882760,0x000000008c180000)
 Metaspace       used 57474K, capacity 59094K, committed 59160K, reserved 1099776K
  class space    used 7621K, capacity 8046K, committed 8104K, reserved 1048576K
}
Event: 8.040 GC heap before
{Heap before GC invocations=13 (full 3):
 PSYoungGen      total 144384K, used 17608K [0x00000000d5580000, 0x00000000dfe80000, 0x0000000100000000)
  eden space 124928K, 0% used [0x00000000d5580000,0x00000000d5580000,0x00000000dcf80000)
  from space 19456K, 90% used [0x00000000de400000,0x00000000df532268,0x00000000df700000)
  to   space 20992K, 0% used [0x00000000dcf80000,0x00000000dcf80000,0x00000000de400000)
 ParOldGen       total 198144K, used 25097K [0x0000000080000000, 0x000000008c180000, 0x00000000d5580000)
  object space 198144K, 12% used [0x0000000080000000,0x0000000081882760,0x000000008c180000)
 Metaspace       used 57474K, capacity 59094K, committed 59160K, reserved 1099776K
  class space    used 7621K, capacity 8046K, committed 8104K, reserved 1048576K
Event: 8.273 GC heap after
Heap after GC invocations=13 (full 3):
 PSYoungGen      total 144384K, used 0K [0x00000000d5580000, 0x00000000dfe80000, 0x0000000100000000)
  eden space 124928K, 0% used [0x00000000d5580000,0x00000000d5580000,0x00000000dcf80000)
  from space 19456K, 0% used [0x00000000de400000,0x00000000de400000,0x00000000df700000)
  to   space 20992K, 0% used [0x00000000dcf80000,0x00000000dcf80000,0x00000000de400000)
 ParOldGen       total 294400K, used 31974K [0x0000000080000000, 0x0000000091f80000, 0x00000000d5580000)
  object space 294400K, 10% used [0x0000000080000000,0x0000000081f39a28,0x0000000091f80000)
 Metaspace       used 57444K, capacity 58992K, committed 59160K, reserved 1099776K
  class space    used 7612K, capacity 8029K, committed 8104K, reserved 1048576K
}

